<?xml version="1.0" encoding="UTF-8"?>
<testsuite xmlns:xsi="http://www.w3.org/2001/XMLSchema-instance" xsi:noNamespaceSchemaLocation="https://maven.apache.org/surefire/maven-surefire-plugin/xsd/surefire-test-report.xsd" name="book.jakarta8.calypsojpa.AppTest" time="0.047" tests="1" errors="0" skipped="0" failures="0">
  <properties>
    <property name="sun.desktop" value="windows"/>
    <property name="awt.toolkit" value="sun.awt.windows.WToolkit"/>
    <property name="file.encoding.pkg" value="sun.io"/>
    <property name="java.specification.version" value="1.8"/>
    <property name="sun.cpu.isalist" value="amd64"/>
    <property name="sun.jnu.encoding" value="Cp1252"/>
    <property name="java.class.path" value="D:\Documents\HN\7.semester\BWI602_01_Verteilte Anwendungen\_coding\_workplace\calypso-jpa\target\test-classes;D:\Documents\HN\7.semester\BWI602_01_Verteilte Anwendungen\_coding\_workplace\calypso-jpa\target\classes;C:\Users\YoYo\.m2\repository\junit\junit\4.11\junit-4.11.jar;C:\Users\YoYo\.m2\repository\org\hamcrest\hamcrest-core\1.3\hamcrest-core-1.3.jar;C:\Users\YoYo\.m2\repository\javax\javaee-api\8.0\javaee-api-8.0.jar;C:\Users\YoYo\.m2\repository\com\sun\mail\javax.mail\1.6.0\javax.mail-1.6.0.jar;C:\Users\YoYo\.m2\repository\javax\activation\activation\1.1\activation-1.1.jar;C:\Users\YoYo\.m2\repository\org\hibernate\hibernate-core\3.6.10.Final\hibernate-core-3.6.10.Final.jar;C:\Users\YoYo\.m2\repository\org\hibernate\javax\persistence\hibernate-jpa-2.0-api\1.0.1.Final\hibernate-jpa-2.0-api-1.0.1.Final.jar;C:\Users\YoYo\.m2\repository\mysql\mysql-connector-java\5.1.38\mysql-connector-java-5.1.38.jar;C:\Users\YoYo\.m2\repository\javax\resource\connector-api\1.6-alpha-1\connector-api-1.6-alpha-1.jar;C:\Users\YoYo\.m2\repository\org\eclipse\persistence\org.eclipse.persistence.jpa.modelgen.processor\2.6.5\org.eclipse.persistence.jpa.modelgen.processor-2.6.5.jar;C:\Users\YoYo\.m2\repository\org\eclipse\persistence\org.eclipse.persistence.core\2.6.5\org.eclipse.persistence.core-2.6.5.jar;C:\Users\YoYo\.m2\repository\org\eclipse\persistence\org.eclipse.persistence.asm\2.6.5\org.eclipse.persistence.asm-2.6.5.jar;C:\Users\YoYo\.m2\repository\org\glassfish\javax.json\1.0.4\javax.json-1.0.4.jar;C:\Users\YoYo\.m2\repository\org\eclipse\persistence\org.eclipse.persistence.jpa\2.6.5\org.eclipse.persistence.jpa-2.6.5.jar;C:\Users\YoYo\.m2\repository\org\eclipse\persistence\javax.persistence\2.1.1\javax.persistence-2.1.1.jar;C:\Users\YoYo\.m2\repository\org\eclipse\persistence\org.eclipse.persistence.antlr\2.6.5\org.eclipse.persistence.antlr-2.6.5.jar;C:\Users\YoYo\.m2\repository\org\eclipse\persistence\org.eclipse.persistence.jpa.jpql\2.6.5\org.eclipse.persistence.jpa.jpql-2.6.5.jar;C:\Users\YoYo\.m2\repository\org\hibernate\hibernate-entitymanager\3.6.10.Final\hibernate-entitymanager-3.6.10.Final.jar;C:\Users\YoYo\.m2\repository\org\hibernate\hibernate-validator\3.1.0.GA\hibernate-validator-3.1.0.GA.jar;C:\Users\YoYo\.m2\repository\org\hibernate\hibernate-commons-annotations\3.2.0.Final\hibernate-commons-annotations-3.2.0.Final.jar;C:\Users\YoYo\.m2\repository\org\hibernate\hibernate-search\4.1.0.Final\hibernate-search-4.1.0.Final.jar;C:\Users\YoYo\.m2\repository\org\hibernate\hibernate-search-orm\4.1.0.Final\hibernate-search-orm-4.1.0.Final.jar;C:\Users\YoYo\.m2\repository\org\hibernate\hibernate-search-engine\4.1.0.Final\hibernate-search-engine-4.1.0.Final.jar;C:\Users\YoYo\.m2\repository\org\hibernate\common\hibernate-commons-annotations\4.0.1.Final\hibernate-commons-annotations-4.0.1.Final.jar;C:\Users\YoYo\.m2\repository\org\apache\lucene\lucene-core\3.5.0\lucene-core-3.5.0.jar;C:\Users\YoYo\.m2\repository\org\apache\avro\avro\1.5.1\avro-1.5.1.jar;C:\Users\YoYo\.m2\repository\org\codehaus\jackson\jackson-mapper-asl\1.7.3\jackson-mapper-asl-1.7.3.jar;C:\Users\YoYo\.m2\repository\org\codehaus\jackson\jackson-core-asl\1.7.3\jackson-core-asl-1.7.3.jar;C:\Users\YoYo\.m2\repository\com\thoughtworks\paranamer\paranamer\2.3\paranamer-2.3.jar;C:\Users\YoYo\.m2\repository\org\xerial\snappy\snappy-java\1.0.1-rc3\snappy-java-1.0.1-rc3.jar;C:\Users\YoYo\.m2\repository\org\hibernate\hibernate-search-analyzers\4.1.0.Final\hibernate-search-analyzers-4.1.0.Final.jar;C:\Users\YoYo\.m2\repository\org\apache\lucene\lucene-analyzers\3.5.0\lucene-analyzers-3.5.0.jar;C:\Users\YoYo\.m2\repository\org\apache\solr\solr-analysis-extras\3.5.0\solr-analysis-extras-3.5.0.jar;C:\Users\YoYo\.m2\repository\org\apache\solr\solr-core\3.5.0\solr-core-3.5.0.jar;C:\Users\YoYo\.m2\repository\org\apache\solr\solr-solrj\3.5.0\solr-solrj-3.5.0.jar;C:\Users\YoYo\.m2\repository\org\apache\lucene\lucene-highlighter\3.5.0\lucene-highlighter-3.5.0.jar;C:\Users\YoYo\.m2\repository\org\apache\lucene\lucene-memory\3.5.0\lucene-memory-3.5.0.jar;C:\Users\YoYo\.m2\repository\org\apache\lucene\lucene-misc\3.5.0\lucene-misc-3.5.0.jar;C:\Users\YoYo\.m2\repository\org\apache\lucene\lucene-spatial\3.5.0\lucene-spatial-3.5.0.jar;C:\Users\YoYo\.m2\repository\org\apache\lucene\lucene-spellchecker\3.5.0\lucene-spellchecker-3.5.0.jar;C:\Users\YoYo\.m2\repository\org\apache\lucene\lucene-grouping\3.5.0\lucene-grouping-3.5.0.jar;C:\Users\YoYo\.m2\repository\org\apache\solr\solr-commons-csv\3.5.0\solr-commons-csv-3.5.0.jar;C:\Users\YoYo\.m2\repository\commons-codec\commons-codec\1.5\commons-codec-1.5.jar;C:\Users\YoYo\.m2\repository\commons-io\commons-io\1.4\commons-io-1.4.jar;C:\Users\YoYo\.m2\repository\commons-lang\commons-lang\2.4\commons-lang-2.4.jar;C:\Users\YoYo\.m2\repository\com\google\guava\guava\r05\guava-r05.jar;C:\Users\YoYo\.m2\repository\org\apache\lucene\lucene-smartcn\3.5.0\lucene-smartcn-3.5.0.jar;C:\Users\YoYo\.m2\repository\org\apache\lucene\lucene-stempel\3.5.0\lucene-stempel-3.5.0.jar;C:\Users\YoYo\.m2\repository\org\jboss\logging\jboss-logging\3.1.0.GA\jboss-logging-3.1.0.GA.jar;"/>
    <property name="java.vm.vendor" value="Oracle Corporation"/>
    <property name="sun.arch.data.model" value="64"/>
    <property name="user.variant" value=""/>
    <property name="java.vendor.url" value="http://java.oracle.com/"/>
    <property name="user.timezone" value="Europe/Berlin"/>
    <property name="user.country.format" value="GB"/>
    <property name="java.vm.specification.version" value="1.8"/>
    <property name="os.name" value="Windows 10"/>
    <property name="user.country" value="DE"/>
    <property name="sun.java.launcher" value="SUN_STANDARD"/>
    <property name="sun.boot.library.path" value="C:\Program Files\Java\jdk1.8.0_251\jre\bin"/>
    <property name="sun.java.command" value="C:\Users\YoYo\AppData\Local\Temp\surefire1260496028501620329\surefirebooter1859919495958046902.jar C:\Users\YoYo\AppData\Local\Temp\surefire1260496028501620329 2020-08-11T12-54-24_837-jvmRun1 surefire2152554717145073101tmp surefire_09195924422204794110tmp"/>
    <property name="surefire.test.class.path" value="D:\Documents\HN\7.semester\BWI602_01_Verteilte Anwendungen\_coding\_workplace\calypso-jpa\target\test-classes;D:\Documents\HN\7.semester\BWI602_01_Verteilte Anwendungen\_coding\_workplace\calypso-jpa\target\classes;C:\Users\YoYo\.m2\repository\junit\junit\4.11\junit-4.11.jar;C:\Users\YoYo\.m2\repository\org\hamcrest\hamcrest-core\1.3\hamcrest-core-1.3.jar;C:\Users\YoYo\.m2\repository\javax\javaee-api\8.0\javaee-api-8.0.jar;C:\Users\YoYo\.m2\repository\com\sun\mail\javax.mail\1.6.0\javax.mail-1.6.0.jar;C:\Users\YoYo\.m2\repository\javax\activation\activation\1.1\activation-1.1.jar;C:\Users\YoYo\.m2\repository\org\hibernate\hibernate-core\3.6.10.Final\hibernate-core-3.6.10.Final.jar;C:\Users\YoYo\.m2\repository\org\hibernate\javax\persistence\hibernate-jpa-2.0-api\1.0.1.Final\hibernate-jpa-2.0-api-1.0.1.Final.jar;C:\Users\YoYo\.m2\repository\mysql\mysql-connector-java\5.1.38\mysql-connector-java-5.1.38.jar;C:\Users\YoYo\.m2\repository\javax\resource\connector-api\1.6-alpha-1\connector-api-1.6-alpha-1.jar;C:\Users\YoYo\.m2\repository\org\eclipse\persistence\org.eclipse.persistence.jpa.modelgen.processor\2.6.5\org.eclipse.persistence.jpa.modelgen.processor-2.6.5.jar;C:\Users\YoYo\.m2\repository\org\eclipse\persistence\org.eclipse.persistence.core\2.6.5\org.eclipse.persistence.core-2.6.5.jar;C:\Users\YoYo\.m2\repository\org\eclipse\persistence\org.eclipse.persistence.asm\2.6.5\org.eclipse.persistence.asm-2.6.5.jar;C:\Users\YoYo\.m2\repository\org\glassfish\javax.json\1.0.4\javax.json-1.0.4.jar;C:\Users\YoYo\.m2\repository\org\eclipse\persistence\org.eclipse.persistence.jpa\2.6.5\org.eclipse.persistence.jpa-2.6.5.jar;C:\Users\YoYo\.m2\repository\org\eclipse\persistence\javax.persistence\2.1.1\javax.persistence-2.1.1.jar;C:\Users\YoYo\.m2\repository\org\eclipse\persistence\org.eclipse.persistence.antlr\2.6.5\org.eclipse.persistence.antlr-2.6.5.jar;C:\Users\YoYo\.m2\repository\org\eclipse\persistence\org.eclipse.persistence.jpa.jpql\2.6.5\org.eclipse.persistence.jpa.jpql-2.6.5.jar;C:\Users\YoYo\.m2\repository\org\hibernate\hibernate-entitymanager\3.6.10.Final\hibernate-entitymanager-3.6.10.Final.jar;C:\Users\YoYo\.m2\repository\org\hibernate\hibernate-validator\3.1.0.GA\hibernate-validator-3.1.0.GA.jar;C:\Users\YoYo\.m2\repository\org\hibernate\hibernate-commons-annotations\3.2.0.Final\hibernate-commons-annotations-3.2.0.Final.jar;C:\Users\YoYo\.m2\repository\org\hibernate\hibernate-search\4.1.0.Final\hibernate-search-4.1.0.Final.jar;C:\Users\YoYo\.m2\repository\org\hibernate\hibernate-search-orm\4.1.0.Final\hibernate-search-orm-4.1.0.Final.jar;C:\Users\YoYo\.m2\repository\org\hibernate\hibernate-search-engine\4.1.0.Final\hibernate-search-engine-4.1.0.Final.jar;C:\Users\YoYo\.m2\repository\org\hibernate\common\hibernate-commons-annotations\4.0.1.Final\hibernate-commons-annotations-4.0.1.Final.jar;C:\Users\YoYo\.m2\repository\org\apache\lucene\lucene-core\3.5.0\lucene-core-3.5.0.jar;C:\Users\YoYo\.m2\repository\org\apache\avro\avro\1.5.1\avro-1.5.1.jar;C:\Users\YoYo\.m2\repository\org\codehaus\jackson\jackson-mapper-asl\1.7.3\jackson-mapper-asl-1.7.3.jar;C:\Users\YoYo\.m2\repository\org\codehaus\jackson\jackson-core-asl\1.7.3\jackson-core-asl-1.7.3.jar;C:\Users\YoYo\.m2\repository\com\thoughtworks\paranamer\paranamer\2.3\paranamer-2.3.jar;C:\Users\YoYo\.m2\repository\org\xerial\snappy\snappy-java\1.0.1-rc3\snappy-java-1.0.1-rc3.jar;C:\Users\YoYo\.m2\repository\org\hibernate\hibernate-search-analyzers\4.1.0.Final\hibernate-search-analyzers-4.1.0.Final.jar;C:\Users\YoYo\.m2\repository\org\apache\lucene\lucene-analyzers\3.5.0\lucene-analyzers-3.5.0.jar;C:\Users\YoYo\.m2\repository\org\apache\solr\solr-analysis-extras\3.5.0\solr-analysis-extras-3.5.0.jar;C:\Users\YoYo\.m2\repository\org\apache\solr\solr-core\3.5.0\solr-core-3.5.0.jar;C:\Users\YoYo\.m2\repository\org\apache\solr\solr-solrj\3.5.0\solr-solrj-3.5.0.jar;C:\Users\YoYo\.m2\repository\org\apache\lucene\lucene-highlighter\3.5.0\lucene-highlighter-3.5.0.jar;C:\Users\YoYo\.m2\repository\org\apache\lucene\lucene-memory\3.5.0\lucene-memory-3.5.0.jar;C:\Users\YoYo\.m2\repository\org\apache\lucene\lucene-misc\3.5.0\lucene-misc-3.5.0.jar;C:\Users\YoYo\.m2\repository\org\apache\lucene\lucene-spatial\3.5.0\lucene-spatial-3.5.0.jar;C:\Users\YoYo\.m2\repository\org\apache\lucene\lucene-spellchecker\3.5.0\lucene-spellchecker-3.5.0.jar;C:\Users\YoYo\.m2\repository\org\apache\lucene\lucene-grouping\3.5.0\lucene-grouping-3.5.0.jar;C:\Users\YoYo\.m2\repository\org\apache\solr\solr-commons-csv\3.5.0\solr-commons-csv-3.5.0.jar;C:\Users\YoYo\.m2\repository\commons-codec\commons-codec\1.5\commons-codec-1.5.jar;C:\Users\YoYo\.m2\repository\commons-io\commons-io\1.4\commons-io-1.4.jar;C:\Users\YoYo\.m2\repository\commons-lang\commons-lang\2.4\commons-lang-2.4.jar;C:\Users\YoYo\.m2\repository\com\google\guava\guava\r05\guava-r05.jar;C:\Users\YoYo\.m2\repository\org\apache\lucene\lucene-smartcn\3.5.0\lucene-smartcn-3.5.0.jar;C:\Users\YoYo\.m2\repository\org\apache\lucene\lucene-stempel\3.5.0\lucene-stempel-3.5.0.jar;C:\Users\YoYo\.m2\repository\org\jboss\logging\jboss-logging\3.1.0.GA\jboss-logging-3.1.0.GA.jar;"/>
    <property name="sun.cpu.endian" value="little"/>
    <property name="user.home" value="C:\Users\YoYo"/>
    <property name="user.language" value="de"/>
    <property name="java.specification.vendor" value="Oracle Corporation"/>
    <property name="java.home" value="C:\Program Files\Java\jdk1.8.0_251\jre"/>
    <property name="basedir" value="D:\Documents\HN\7.semester\BWI602_01_Verteilte Anwendungen\_coding\_workplace\calypso-jpa"/>
    <property name="file.separator" value="\"/>
    <property name="line.separator" value="&#10;"/>
    <property name="java.vm.specification.vendor" value="Oracle Corporation"/>
    <property name="java.specification.name" value="Java Platform API Specification"/>
    <property name="java.awt.graphicsenv" value="sun.awt.Win32GraphicsEnvironment"/>
    <property name="surefire.real.class.path" value="C:\Users\YoYo\AppData\Local\Temp\surefire1260496028501620329\surefirebooter1859919495958046902.jar"/>
    <property name="sun.boot.class.path" value="C:\Program Files\Java\jdk1.8.0_251\jre\lib\resources.jar;C:\Program Files\Java\jdk1.8.0_251\jre\lib\rt.jar;C:\Program Files\Java\jdk1.8.0_251\jre\lib\sunrsasign.jar;C:\Program Files\Java\jdk1.8.0_251\jre\lib\jsse.jar;C:\Program Files\Java\jdk1.8.0_251\jre\lib\jce.jar;C:\Program Files\Java\jdk1.8.0_251\jre\lib\charsets.jar;C:\Program Files\Java\jdk1.8.0_251\jre\lib\jfr.jar;C:\Program Files\Java\jdk1.8.0_251\jre\classes"/>
    <property name="user.script" value=""/>
    <property name="sun.management.compiler" value="HotSpot 64-Bit Tiered Compilers"/>
    <property name="java.runtime.version" value="1.8.0_251-b08"/>
    <property name="user.name" value="YoYo"/>
    <property name="path.separator" value=";"/>
    <property name="os.version" value="10.0"/>
    <property name="java.endorsed.dirs" value="C:\Program Files\Java\jdk1.8.0_251\jre\lib\endorsed"/>
    <property name="java.runtime.name" value="Java(TM) SE Runtime Environment"/>
    <property name="file.encoding" value="Cp1252"/>
    <property name="java.vm.name" value="Java HotSpot(TM) 64-Bit Server VM"/>
    <property name="localRepository" value="C:\Users\YoYo\.m2\repository"/>
    <property name="java.vendor.url.bug" value="http://bugreport.sun.com/bugreport/"/>
    <property name="java.io.tmpdir" value="C:\Users\YoYo\AppData\Local\Temp\"/>
    <property name="java.version" value="1.8.0_251"/>
    <property name="user.dir" value="D:\Documents\HN\7.semester\BWI602_01_Verteilte Anwendungen\_coding\_workplace\calypso-jpa"/>
    <property name="os.arch" value="amd64"/>
    <property name="java.vm.specification.name" value="Java Virtual Machine Specification"/>
    <property name="java.awt.printerjob" value="sun.awt.windows.WPrinterJob"/>
    <property name="user.language.format" value="en"/>
    <property name="sun.os.patch.level" value=""/>
    <property name="java.library.path" value="C:\Program Files\Java\jdk1.8.0_251\jre\bin;C:\WINDOWS\Sun\Java\bin;C:\WINDOWS\system32;C:\WINDOWS;C:/Program Files/Java/jdk1.8.0_251/bin/../jre/bin/server;C:/Program Files/Java/jdk1.8.0_251/bin/../jre/bin;C:/Program Files/Java/jdk1.8.0_251/bin/../jre/lib/amd64;C:\Program Files (x86)\Common Files\Oracle\Java\javapath;C:\ProgramData\Oracle\Java\javapath;C:\Program Files (x86)\Intel\iCLS Client\;C:\Program Files\Intel\iCLS Client\;C:\windows\system32;C:\windows;C:\windows\System32\Wbem;C:\windows\System32\WindowsPowerShell\v1.0\;C:\Program Files (x86)\Intel\Intel(R) Management Engine Components\DAL;C:\Program Files\Intel\Intel(R) Management Engine Components\DAL;C:\Program Files (x86)\Intel\Intel(R) Management Engine Components\IPT;C:\Program Files\Intel\Intel(R) Management Engine Components\IPT;C:\Program Files (x86)\NVIDIA Corporation\PhysX\Common;C:\WINDOWS\system32;C:\WINDOWS;C:\WINDOWS\System32\Wbem;C:\WINDOWS\System32\WindowsPowerShell\v1.0\;C:\WINDOWS\System32\OpenSSH\;C:\Program Files\Microsoft SQL Server\130\Tools\Binn\;C:\Users\YoYo\Downloads\aria2-1.34.0-win-64bit-build1;C:\Program Files\Microsoft SQL Server\110\Tools\Binn\;C:\Program Files\Microsoft SQL Server\120\Tools\Binn\;C:\Program Files\Intel\WiFi\bin\;C:\Program Files\Common Files\Intel\WirelessCommon\;C:\TDM-GCC-64\bin;D:\Program Files\Git\cmd;C:\Program Files\nodejs\;C:\Program Files\MySQL\MySQL Shell 8.0\bin\;C:\Users\YoYo\AppData\Local\Programs\Python\Python37\Scripts\;C:\Users\YoYo\AppData\Local\Programs\Python\Python37\;C:\Users\YoYo\AppData\Local\Programs\Python\Python38\Scripts\;C:\Users\YoYo\AppData\Local\Programs\Python\Python38\;C:\Program Files (x86)\Java\jre-9\bin;C:\Users\YoYo\AppData\Local\Microsoft\WindowsApps;C:\aria2-1.34.0-win-64bit-build1;C:\Users\YoYo\Downloads\aria2-1.34.0-win-64bit-build1;C:\Users\YoYo\AppData\Roaming\npm;%USERPROFILE%\AppData\Local\Microsoft\WindowsApps;;C:\Users\YoYo\eclipse\jee-2020-032\eclipse;;."/>
    <property name="java.vm.info" value="mixed mode"/>
    <property name="java.vendor" value="Oracle Corporation"/>
    <property name="java.vm.version" value="25.251-b08"/>
    <property name="java.ext.dirs" value="C:\Program Files\Java\jdk1.8.0_251\jre\lib\ext;C:\WINDOWS\Sun\Java\lib\ext"/>
    <property name="sun.io.unicode.encoding" value="UnicodeLittle"/>
    <property name="java.class.version" value="52.0"/>
  </properties>
  <testcase name="testApp" classname="book.jakarta8.calypsojpa.AppTest" time="0.002"/>
</testsuite>